INFO: 2024-10-18 14:58:37,342: ['2024-10-18 14:58:37:', 'Language: en']
INFO: 2024-10-18 14:58:37,346: ['2024-10-18 14:58:37:', 'Assuming root path: C:\\Users\\harke\\IdeaProjects\\pdf-reander\\src\\routes, library path: C:\\Users\\harke\\IdeaProjects\\pdf-reander\\venv\\Lib\\site-packages\\tina4_python']
DEBUG: 2024-10-18 14:58:37,446: ['2024-10-18 14:58:37:', 'TEST TOKEN', 'eyJhbGciOiJSUzI1NiIsInR5cCI6IkpXVCJ9.eyJuYW1lIjoiVGluYTQiLCJleHBpcmVzIjoiMjAyNC0xMC0xOFQxNTowMDozNy40NDQ0OTcifQ.MG2u53qF5PAps2q4wlbdVaFovLqLGNwsW8KJoFH7_rGkw_DzAuivT4Gb7YDSMbV5BZI0evtPfC13BLFClxSVdf5IndmY4cmIVSIk6u7dcn_5eT2Aww10PT6wHwgiLTWe48YkLTZ4yEqVIJO5qzjQd4n2c8Q3G726pnadrq2p2iFEQ9EFaRsOB3_EGAwXGJiKmbLwkcJ2HskIT_B4zswLdKIQ3GCydfDJJJw_7cfJtHLnk0u1q2e9BL2hLbqd02ZWSB93PfSg1w2nr56Wv5VON1B4qlalIZOFupw7he3rgncyoVq2LVo2FuVN9vqndFq4ncoGAw-HyDAXAxsOt6PYwQ']
DEBUG: 2024-10-18 14:58:37,449: ['2024-10-18 14:58:37:', 'VALID TOKEN', False]
DEBUG: 2024-10-18 14:58:37,450: ['2024-10-18 14:58:37:', 'VALID TOKEN', True]
DEBUG: 2024-10-18 14:58:37,450: ['2024-10-18 14:58:37:', 'PAYLOAD', {'name': 'Tina4', 'expires': '2024-10-18T15:00:37.444497'}]
DEBUG: 2024-10-18 14:58:37,474: ['2024-10-18 14:58:37:', 'Compiling scss']
DEBUG: 2024-10-18 14:58:37,476: ['2024-10-18 14:58:37:', 'Adding a route: /swagger/swagger.json']
DEBUG: 2024-10-18 14:58:37,476: ['2024-10-18 14:58:37:', 'Adding a route: /swagger']
INFO: 2024-10-18 14:58:37,477: ['2024-10-18 14:58:37:', 'Jurigged enabled']
INFO: 2024-10-18 14:58:37,489: ['2024-10-18 14:58:37:', 'Starting webserver on 7145']
INFO: 2024-10-18 14:58:37,490: ['2024-10-18 14:58:37:', 'Server started http://localhost:7145']
WARNING: 2024-10-18 14:58:37,518: ['2024-10-18 14:58:37:', 'Not running webserver']
DEBUG: 2024-10-18 14:58:37,796: ['2024-10-18 14:58:37:', 'Adding a route: /']
DEBUG: 2024-10-18 14:58:37,797: ['2024-10-18 14:58:37:', 'Adding a route: /download_pdf']
INFO: 2024-10-18 14:59:47,599: ['2024-10-18 14:59:47:', 'Language: en']
INFO: 2024-10-18 14:59:47,600: ['2024-10-18 14:59:47:', 'Assuming root path: C:\\Users\\harke\\IdeaProjects\\pdf-reander\\src\\routes, library path: C:\\Users\\harke\\IdeaProjects\\pdf-reander\\venv\\Lib\\site-packages\\tina4_python']
DEBUG: 2024-10-18 14:59:47,649: ['2024-10-18 14:59:47:', 'TEST TOKEN', 'eyJhbGciOiJSUzI1NiIsInR5cCI6IkpXVCJ9.eyJuYW1lIjoiVGluYTQiLCJleHBpcmVzIjoiMjAyNC0xMC0xOFQxNTowMTo0Ny42NDc4MjEifQ.T6CFYoa48Mr2yfGhBN7RaLMsDPhH0uQisxyf9bx1BgbbDmBDKMojSY9SghZ-Q5s3NP4t9ZluEPZhSIpjs1YvijY0QaxkICNHl8V5v8mpKxBBXAyESfFKgH8AY5W1Zp_HjhTROyglp4cK5XYc5a6y8GBLjZNPro8UfP4Xg7JAv1ttj6UbmEHWTXMUU5mtjBYvh8DP76hzVbGmxJt07h91yufKbD65kowN2Cro-jKNDs2CfK0ABzQ_0rsxjsG2OOrbNjosY5ZJ2WHOX-MGuTdfY_WmcO7zMPL9QkV9N3O4bwoKKo51SiEJuHobQU6klKGJ20fDRbUohSr6qcJLUzdQ2w']
DEBUG: 2024-10-18 14:59:47,650: ['2024-10-18 14:59:47:', 'VALID TOKEN', False]
DEBUG: 2024-10-18 14:59:47,651: ['2024-10-18 14:59:47:', 'VALID TOKEN', True]
DEBUG: 2024-10-18 14:59:47,652: ['2024-10-18 14:59:47:', 'PAYLOAD', {'name': 'Tina4', 'expires': '2024-10-18T15:01:47.647821'}]
DEBUG: 2024-10-18 14:59:47,656: ['2024-10-18 14:59:47:', 'Compiling scss']
DEBUG: 2024-10-18 14:59:47,657: ['2024-10-18 14:59:47:', 'Adding a route: /swagger/swagger.json']
DEBUG: 2024-10-18 14:59:47,658: ['2024-10-18 14:59:47:', 'Adding a route: /swagger']
INFO: 2024-10-18 14:59:47,658: ['2024-10-18 14:59:47:', 'Jurigged enabled']
INFO: 2024-10-18 14:59:47,669: ['2024-10-18 14:59:47:', 'Starting webserver on 7145']
INFO: 2024-10-18 14:59:47,670: ['2024-10-18 14:59:47:', 'Server started http://localhost:7145']
WARNING: 2024-10-18 14:59:47,683: ['2024-10-18 14:59:47:', 'Not running webserver']
DEBUG: 2024-10-18 14:59:47,780: ['2024-10-18 14:59:47:', 'Adding a route: /']
DEBUG: 2024-10-18 14:59:47,780: ['2024-10-18 14:59:47:', 'Adding a route: /download_pdf']
